--- Copying files at Tue Jan 24 07:55:14 UTC 2023
--- Copying files at Tue Jan 24 07:57:36 UTC 2023
INSTALLED init.groovy.d/tcp-slave-agent-port.groovy
--- Copying files at Tue Jan 24 08:02:31 UTC 2023
--- Copying files at Tue Jan 24 08:04:04 UTC 2023
--- Copying files at Tue Jan 24 08:05:58 UTC 2023
--- Copying files at Tue Jan 24 08:07:34 UTC 2023
--- Copying files at Mon Jan 30 23:22:10 UTC 2023
--- Copying files at Mon Jan 30 23:24:55 UTC 2023
--- Copying files at Mon Jan 30 23:27:24 UTC 2023
--- Copying files at Tue Jan 31 07:04:33 UTC 2023
--- Copying files at Tue Jan 31 07:21:10 UTC 2023
--- Copying files at Tue Jan 31 07:28:50 UTC 2023
--- Copying files at Tue Jan 31 07:48:21 UTC 2023
--- Copying files at Tue Jan 31 07:49:07 UTC 2023
--- Copying files at Tue Jan 31 09:18:13 UTC 2023
--- Copying files at Tue Jan 31 09:24:48 UTC 2023
--- Copying files at Tue Jan 31 09:31:39 UTC 2023
--- Copying files at Tue Feb 14 07:06:03 UTC 2023
--- Copying files at Tue Feb 14 07:09:57 UTC 2023
--- Copying files at Tue Feb 14 07:15:48 UTC 2023
--- Copying files at Tue Feb 14 07:24:10 UTC 2023
--- Copying files at Tue Feb 14 07:33:16 UTC 2023
--- Copying files at Tue Feb 14 07:38:55 UTC 2023
--- Copying files at Tue Feb 14 07:59:03 UTC 2023
--- Copying files at Tue Feb 14 08:34:04 UTC 2023
--- Copying files at Tue Feb 14 08:37:15 UTC 2023
--- Copying files at Tue Feb 14 09:05:17 UTC 2023
--- Copying files at Tue Feb 14 09:08:09 UTC 2023
--- Copying files at Tue Feb 14 09:26:52 UTC 2023
--- Copying files at Wed Feb 15 07:59:42 UTC 2023
--- Copying files at Tue Feb 21 07:54:18 UTC 2023
--- Copying files at Tue Feb 21 07:54:50 UTC 2023
--- Copying files at Tue Feb 21 08:37:29 UTC 2023
--- Copying files at Tue Feb 21 08:50:48 UTC 2023
--- Copying files at Tue Feb 21 09:02:07 UTC 2023
--- Copying files at Tue Feb 21 10:12:43 UTC 2023
--- Copying files at Tue Feb 21 10:20:42 UTC 2023
--- Copying files at Tue Feb 21 10:27:29 UTC 2023
--- Copying files at Tue Feb 21 10:35:50 UTC 2023
